Using pre-set license
Built from '6000.1/staging' branch; Version is '6000.1.12f1 (da0c3ee78ee0) revision 14289982'; Using compiler version '194234433'; Build Type 'Release'
OS: 'Windows 11  (10.0.26100) 64bit IoTEnterpriseS' Language: 'ru' Physical Memory: 31849 MB
BatchMode: 1, IsHumanControllingUs: 0, StartBugReporterOnCrash: 0, Is64bit: 1, IsPro: 1
Date: 2026-03-08T07:23:13Z

COMMAND LINE ARGUMENTS:
C:\Program Files\Unity\Hub\Editor\6000.1.12f1\Editor\Unity.exe
-adb2
-batchMode
-noUpm
-name
AssetImportWorker2
-projectPath
C:/Users/Prog/Physics lab
-logFile
Logs/AssetImportWorker2.log
-srvPort
7487
-job-worker-count
5
-background-job-worker-count
8
-gc-helper-count
1
-name
AssetImport
Successfully changed project path to: C:/Users/Prog/Physics lab
C:/Users/Prog/Physics lab
[UnityMemory] Configuration Parameters - Can be set up in boot.config
    "memorysetup-allocator-temp-initial-block-size-main=262144"
    "memorysetup-allocator-temp-initial-block-size-worker=262144"
    "memorysetup-bucket-allocator-granularity=16"
    "memorysetup-bucket-allocator-bucket-count=8"
    "memorysetup-bucket-allocator-block-size=33554432"
    "memorysetup-bucket-allocator-block-count=8"
    "memorysetup-main-allocator-block-size=16777216"
    "memorysetup-thread-allocator-block-size=16777216"
    "memorysetup-gfx-main-allocator-block-size=16777216"
    "memorysetup-gfx-thread-allocator-block-size=16777216"
    "memorysetup-cache-allocator-block-size=4194304"
    "memorysetup-typetree-allocator-block-size=2097152"
    "memorysetup-profiler-bucket-allocator-granularity=16"
    "memorysetup-profiler-bucket-allocator-bucket-count=8"
    "memorysetup-profiler-bucket-allocator-block-size=33554432"
    "memorysetup-profiler-bucket-allocator-block-count=8"
    "memorysetup-profiler-allocator-block-size=16777216"
    "memorysetup-profiler-editor-allocator-block-size=1048576"
    "memorysetup-temp-allocator-size-main=16777216"
    "memorysetup-job-temp-allocator-block-size=2097152"
    "memorysetup-job-temp-allocator-block-size-background=1048576"
    "memorysetup-job-temp-allocator-reduction-small-platforms=262144"
    "memorysetup-temp-allocator-size-background-worker=32768"
    "memorysetup-temp-allocator-size-job-worker=262144"
    "memorysetup-temp-allocator-size-preload-manager=33554432"
    "memorysetup-temp-allocator-size-nav-mesh-worker=65536"
    "memorysetup-temp-allocator-size-audio-worker=65536"
    "memorysetup-temp-allocator-size-cloud-worker=32768"
    "memorysetup-temp-allocator-size-gi-baking-worker=262144"
    "memorysetup-temp-allocator-size-gi-baking-worker=262144"
    "memorysetup-temp-allocator-size-gi-baking-worker=262144"
    "memorysetup-temp-allocator-size-gi-baking-worker=262144"
    "memorysetup-temp-allocator-size-gi-baking-worker=262144"
    "memorysetup-temp-allocator-size-gfx=262144"
Player connection [14780]  Target information:

Player connection [14780]  * "[IP] 192.168.1.66 [Port] 0 [Flags] 2 [Guid] 810534189 [EditorId] 810534189 [Version] 1048832 [Id] WindowsEditor(7,DESKTOP-VH2CHPI) [Debug] 1 [PackageName] WindowsEditor [ProjectName] Editor" 

Player connection [14780] Host joined multi-casting on [225.0.0.222:54997]...
Player connection [14780] Host joined alternative multi-casting on [225.0.0.222:34997]...
JobSystem: Creating JobQueue using job-worker-count value 5
Input System module state changed to: Initialized.
[Physics::Module] Initialized fallback backend.
[Physics::Module] Id: 0xdecafbad
Library Redirect Path: Library/
[Physics::Module] Selected backend.
[Physics::Module] Name: PhysX
[Physics::Module] Id: 0xf2b8ea05
[Physics::Module] SDK Version: 4.1.2
[Physics::Module] Integration Version: 1.0.0
[Physics::Module] Threading Mode: Multi-Threaded
Refreshing native plugins compatible for Editor in 2.04 ms, found 4 plugins.
Preloading 0 native plugins for Editor in 0.00 ms.
Initialize engine version: 6000.1.12f1 (da0c3ee78ee0)
[Subsystems] Discovering subsystems at path C:/Program Files/Unity/Hub/Editor/6000.1.12f1/Editor/Data/Resources/UnitySubsystems
[Subsystems] Discovering subsystems at path C:/Users/Prog/Physics lab/Assets
GfxDevice: creating device client; kGfxThreadingModeNonThreaded
Direct3D:
    Version:         Direct3D 12 [level 12.1]
    Renderer:        AMD Radeon RX 7800 XT (ID=0x747e)
    Vendor:          ATI
    VRAM:            16177 MB
    App VRAM Budget: 15409 MB
    Driver:          32.0.23027.2005
Initialize mono
Mono path[0] = 'C:/Program Files/Unity/Hub/Editor/6000.1.12f1/Editor/Data/Managed'
Mono path[1] = 'C:/Program Files/Unity/Hub/Editor/6000.1.12f1/Editor/Data/MonoBleedingEdge/lib/mono/unityjit-win32'
Mono config path = 'C:/Program Files/Unity/Hub/Editor/6000.1.12f1/Editor/Data/MonoBleedingEdge/etc'
Using monoOptions --debugger-agent=transport=dt_socket,embedding=1,server=y,suspend=n,address=127.0.0.1:56892
Begin MonoManager ReloadAssembly
Registering precompiled unity dll's ...
Register platform support module: C:/Program Files/Unity/Hub/Editor/6000.1.12f1/Editor/Data/PlaybackEngines/WebGLSupport/UnityEditor.WebGL.Extensions.dll
Register platform support module: C:/Program Files/Unity/Hub/Editor/6000.1.12f1/Editor/Data/PlaybackEngines/WindowsStandaloneSupport/UnityEditor.WindowsStandalone.Extensions.dll
Register platform support module: C:/Program Files/Unity/Hub/Editor/6000.1.12f1/Editor/Data/PlaybackEngines/AndroidPlayer/UnityEditor.Android.Extensions.dll
Registered in 0.001236 seconds.
- Loaded All Assemblies, in  0.246 seconds
Native extension for Android target not found
Android Extension - Scanning For ADB Devices 136 ms
Native extension for WindowsStandalone target not found
Native extension for WebGL target not found
Mono: successfully reloaded assembly
- Finished resetting the current domain, in  0.387 seconds
Domain Reload Profiling: 631ms
	BeginReloadAssembly (74ms)
		ExecutionOrderSort (0ms)
		DisableScriptedObjects (0ms)
		BackupInstance (0ms)
		ReleaseScriptingObjects (0ms)
		CreateAndSetChildDomain (0ms)
	RebuildCommonClasses (25ms)
	RebuildNativeTypeToScriptingClass (8ms)
	initialDomainReloadingComplete (30ms)
	LoadAllAssembliesAndSetupDomain (107ms)
		LoadAssemblies (73ms)
		RebuildTransferFunctionScriptingTraits (0ms)
		AnalyzeDomain (105ms)
			TypeCache.Refresh (104ms)
				TypeCache.ScanAssembly (95ms)
			BuildScriptInfoCaches (0ms)
			ResolveRequiredComponents (0ms)
	FinalizeReload (387ms)
		ReleaseScriptCaches (0ms)
		RebuildScriptCaches (0ms)
		SetupLoadedEditorAssemblies (359ms)
			LogAssemblyErrors (0ms)
			InitializePlatformSupportModulesInManaged (218ms)
			SetLoadedEditorAssemblies (3ms)
			BeforeProcessingInitializeOnLoad (34ms)
			ProcessInitializeOnLoadAttributes (71ms)
			ProcessInitializeOnLoadMethodAttributes (34ms)
			AfterProcessingInitializeOnLoad (0ms)
			EditorAssembliesLoaded (0ms)
		ExecutionOrderSort2 (0ms)
		AwakeInstancesAfterBackupRestoration (0ms)
========================================================================
Worker process is ready to serve import requests
Import Worker Mode flag is 0x00
Begin MonoManager ReloadAssembly
- Loaded All Assemblies, in  0.328 seconds
Refreshing native plugins compatible for Editor in 1.01 ms, found 4 plugins.
Native extension for Android target not found
Native extension for WindowsStandalone target not found
Native extension for WebGL target not found
Package Manager log level set to [2]
[Package Manager] Failed to launch server process. Reason: Unity was launched with the -noUpm command-line argument
[Package Manager] Unable to send message (not connected to server process).
[Package Manager] Cannot connect to Unity Package Manager local server
[Package Manager] Failed to launch server process. Reason: Unity was launched with the -noUpm command-line argument
[Package Manager] Unable to send message (not connected to server process).
[Package Manager] Cannot connect to Unity Package Manager local server
Mono: successfully reloaded assembly
[Package Manager] Failed to launch server process. Reason: Unity was launched with the -noUpm command-line argument
[Package Manager] Unable to send message (not connected to server process).
[Package Manager] Cannot connect to Unity Package Manager local server
[Package Manager] Failed to launch server process. Reason: Unity was launched with the -noUpm command-line argument
[Package Manager] Unable to send message (not connected to server process).
[Package Manager] Cannot connect to Unity Package Manager local server
- Finished resetting the current domain, in  0.265 seconds
Domain Reload Profiling: 591ms
	BeginReloadAssembly (109ms)
		ExecutionOrderSort (0ms)
		DisableScriptedObjects (4ms)
		BackupInstance (0ms)
		ReleaseScriptingObjects (0ms)
		CreateAndSetChildDomain (24ms)
	RebuildCommonClasses (23ms)
	RebuildNativeTypeToScriptingClass (8ms)
	initialDomainReloadingComplete (21ms)
	LoadAllAssembliesAndSetupDomain (165ms)
		LoadAssemblies (152ms)
		RebuildTransferFunctionScriptingTraits (0ms)
		AnalyzeDomain (70ms)
			TypeCache.Refresh (50ms)
				TypeCache.ScanAssembly (42ms)
			BuildScriptInfoCaches (14ms)
			ResolveRequiredComponents (4ms)
	FinalizeReload (265ms)
		ReleaseScriptCaches (0ms)
		RebuildScriptCaches (0ms)
		SetupLoadedEditorAssemblies (196ms)
			LogAssemblyErrors (0ms)
			InitializePlatformSupportModulesInManaged (13ms)
			SetLoadedEditorAssemblies (2ms)
			BeforeProcessingInitializeOnLoad (58ms)
			ProcessInitializeOnLoadAttributes (104ms)
			ProcessInitializeOnLoadMethodAttributes (17ms)
			AfterProcessingInitializeOnLoad (3ms)
			EditorAssembliesLoaded (0ms)
		ExecutionOrderSort2 (0ms)
		AwakeInstancesAfterBackupRestoration (3ms)
Launched and connected shader compiler UnityShaderCompiler.exe after 0.01 seconds
Refreshing native plugins compatible for Editor in 0.92 ms, found 4 plugins.
Preloading 0 native plugins for Editor in 0.00 ms.
Unloading 0 Unused Serialized files (Serialized files now loaded: 0)
Unloading 3294 unused Assets / (0.9 MB). Loaded Objects now: 3856.
Memory consumption went from 85.5 MB to 84.6 MB.
Total: 4.254200 ms (FindLiveObjects: 0.413600 ms CreateObjectMapping: 0.117500 ms MarkObjects: 3.017700 ms  DeleteObjects: 0.703500 ms)

========================================================================
Received Import Request.
  Time since last request: 4888.068274 seconds.
  path: Assets/SteamVR/WindowsHelper/SteamVR_Windows_EditorHelper.asmdef
  artifactKey: Guid(256e975f9c776644aa4d86bc0c894f33) Importer(815301076,1909f56bfc062723c751e8b465ee728b)
Start importing Assets/SteamVR/WindowsHelper/SteamVR_Windows_EditorHelper.asmdef using Guid(256e975f9c776644aa4d86bc0c894f33) Importer(815301076,1909f56bfc062723c751e8b465ee728b) (PreviewImporter) -> (artifact id: '59c16c75aa4f823a6fbec046c04f8bd3') in 0.011724 seconds
Number of updated asset objects reloaded before import = 0Number of asset objects unloaded after import = 0

========================================================================
Received Import Request.
  Time since last request: 2.137425 seconds.
  path: Assets/SteamVR_Resources/Resources
  artifactKey: Guid(72ad604c8eaa3614da0a0779b3e5623e) Importer(815301076,1909f56bfc062723c751e8b465ee728b)
Start importing Assets/SteamVR_Resources/Resources using Guid(72ad604c8eaa3614da0a0779b3e5623e) Importer(815301076,1909f56bfc062723c751e8b465ee728b) (PreviewImporter) -> (artifact id: '6e89757e48a3898d8b995dc7c8e5b1db') in 0.0008561 seconds
Number of updated asset objects reloaded before import = 0Number of asset objects unloaded after import = 0

========================================================================
Received Import Request.
  Time since last request: 0.094728 seconds.
  path: Assets/SteamVR_Resources/Resources/SteamVR_Settings.asset
  artifactKey: Guid(7ef56ec2bf2c2a847a10715c3b6566e0) Importer(815301076,1909f56bfc062723c751e8b465ee728b)
Start importing Assets/SteamVR_Resources/Resources/SteamVR_Settings.asset using Guid(7ef56ec2bf2c2a847a10715c3b6566e0) Importer(815301076,1909f56bfc062723c751e8b465ee728b) (PreviewImporter) -> (artifact id: '3aff22c13b379947fd9c33d654cd6c09') in 0.016792 seconds
Number of updated asset objects reloaded before import = 0Number of asset objects unloaded after import = 1

========================================================================
Received Import Request.
  Time since last request: 16.705664 seconds.
  path: Assets/SteamVR/InteractionSystem/Core
  artifactKey: Guid(1ab2780fe1da2544b86a1020e5f638e2) Importer(815301076,1909f56bfc062723c751e8b465ee728b)
Start importing Assets/SteamVR/InteractionSystem/Core using Guid(1ab2780fe1da2544b86a1020e5f638e2) Importer(815301076,1909f56bfc062723c751e8b465ee728b) (PreviewImporter) -> (artifact id: '6421d3d8ac4485b30953f9e23f5be424') in 0.000821 seconds
Number of updated asset objects reloaded before import = 0Number of asset objects unloaded after import = 0

========================================================================
Received Import Request.
  Time since last request: 0.572634 seconds.
  path: Assets/SteamVR/InteractionSystem/Core/Icons
  artifactKey: Guid(1fcf8377413b60c44afff7b2e4efd8f7) Importer(815301076,1909f56bfc062723c751e8b465ee728b)
Start importing Assets/SteamVR/InteractionSystem/Core/Icons using Guid(1fcf8377413b60c44afff7b2e4efd8f7) Importer(815301076,1909f56bfc062723c751e8b465ee728b) (PreviewImporter) -> (artifact id: '977f30e48aafadd09f2eba8850e22cc0') in 0.0003517 seconds
Number of updated asset objects reloaded before import = 0Number of asset objects unloaded after import = 0

========================================================================
Received Import Request.
  Time since last request: 5.913738 seconds.
  path: Assets/SteamVR/InteractionSystem/Core/Shaders
  artifactKey: Guid(a4939542f83f4e84f8604e20bce42eba) Importer(815301076,1909f56bfc062723c751e8b465ee728b)
Start importing Assets/SteamVR/InteractionSystem/Core/Shaders using Guid(a4939542f83f4e84f8604e20bce42eba) Importer(815301076,1909f56bfc062723c751e8b465ee728b) (PreviewImporter) -> (artifact id: '82b382278612b234e61c66df8abc7b31') in 0.0004902 seconds
Number of updated asset objects reloaded before import = 0Number of asset objects unloaded after import = 0

========================================================================
Received Import Request.
  Time since last request: 9.178070 seconds.
  path: Assets/SteamVR/Extras/SteamVR_LaserPointer.unity
  artifactKey: Guid(f2343db151bc3864e9088f8e4230cdc1) Importer(815301076,1909f56bfc062723c751e8b465ee728b)
Start importing Assets/SteamVR/Extras/SteamVR_LaserPointer.unity using Guid(f2343db151bc3864e9088f8e4230cdc1) Importer(815301076,1909f56bfc062723c751e8b465ee728b) (PreviewImporter) -> (artifact id: '013c0c104aee009865928f1d16335cdc') in 0.000382 seconds
Number of updated asset objects reloaded before import = 0Number of asset objects unloaded after import = 0

========================================================================
Received Import Request.
  Time since last request: 12.137081 seconds.
  path: Assets/SteamVR/SteamVR Unity Plugin.pdf
  artifactKey: Guid(3ba9eb35fe420f941a0a79beb7519713) Importer(815301076,1909f56bfc062723c751e8b465ee728b)
Start importing Assets/SteamVR/SteamVR Unity Plugin.pdf using Guid(3ba9eb35fe420f941a0a79beb7519713) Importer(815301076,1909f56bfc062723c751e8b465ee728b) (PreviewImporter) -> (artifact id: 'd95fe1c6e7c7b78ad92a08e106aaf33b') in 0.001951 seconds
Number of updated asset objects reloaded before import = 0Number of asset objects unloaded after import = 1

========================================================================
Received Import Request.
  Time since last request: 0.693763 seconds.
  path: Assets/SteamVR/SteamVR Unity Plugin - Input System.pdf
  artifactKey: Guid(e80151adba6ecc94e803d63cce6d4e6a) Importer(815301076,1909f56bfc062723c751e8b465ee728b)
Start importing Assets/SteamVR/SteamVR Unity Plugin - Input System.pdf using Guid(e80151adba6ecc94e803d63cce6d4e6a) Importer(815301076,1909f56bfc062723c751e8b465ee728b) (PreviewImporter) -> (artifact id: '27486aeff8f6b0413f4c9a2c83235ab2') in 0.0005938 seconds
Number of updated asset objects reloaded before import = 0Number of asset objects unloaded after import = 1

========================================================================
Received Import Request.
  Time since last request: 13.145397 seconds.
  path: Assets/SteamVR/link.xml
  artifactKey: Guid(d5e87ce4f88401c409839447b0f8e0f8) Importer(815301076,1909f56bfc062723c751e8b465ee728b)
Start importing Assets/SteamVR/link.xml using Guid(d5e87ce4f88401c409839447b0f8e0f8) Importer(815301076,1909f56bfc062723c751e8b465ee728b) (PreviewImporter) -> (artifact id: 'ecea12cc2994400242878f95493d2eb6') in 0.0008348 seconds
Number of updated asset objects reloaded before import = 0Number of asset objects unloaded after import = 1

========================================================================
Received Import Request.
  Time since last request: 0.986868 seconds.
  path: Assets/SteamVR/OpenVRUnityXRPackage
  artifactKey: Guid(6cd256751f738d645b7b64c556da3759) Importer(815301076,1909f56bfc062723c751e8b465ee728b)
Start importing Assets/SteamVR/OpenVRUnityXRPackage using Guid(6cd256751f738d645b7b64c556da3759) Importer(815301076,1909f56bfc062723c751e8b465ee728b) (PreviewImporter) -> (artifact id: '4db0856e970670fc0ec546f381fcd6d4') in 0.0004114 seconds
Number of updated asset objects reloaded before import = 0Number of asset objects unloaded after import = 0

========================================================================
Received Import Request.
  Time since last request: 1.800085 seconds.
  path: Assets/SteamVR/Icon
  artifactKey: Guid(37d1a399d1ea2d24c8f27e07036b83fb) Importer(815301076,1909f56bfc062723c751e8b465ee728b)
Start importing Assets/SteamVR/Icon using Guid(37d1a399d1ea2d24c8f27e07036b83fb) Importer(815301076,1909f56bfc062723c751e8b465ee728b) (PreviewImporter) -> (artifact id: 'e0282f5fc0042ee7a143fa1fb30d0854') in 0.0003553 seconds
Number of updated asset objects reloaded before import = 0Number of asset objects unloaded after import = 0

========================================================================
Received Import Request.
  Time since last request: 0.423590 seconds.
  path: Assets/SteamVR/Input
  artifactKey: Guid(034ad660702976d4da58a18ccae19443) Importer(815301076,1909f56bfc062723c751e8b465ee728b)
Start importing Assets/SteamVR/Input using Guid(034ad660702976d4da58a18ccae19443) Importer(815301076,1909f56bfc062723c751e8b465ee728b) (PreviewImporter) -> (artifact id: 'de80943da83b26ef37ffedb02739b7fa') in 0.0008696 seconds
Number of updated asset objects reloaded before import = 0Number of asset objects unloaded after import = 0

========================================================================
Received Import Request.
  Time since last request: 1.429833 seconds.
  path: Assets/SteamVR/Extras
  artifactKey: Guid(61f4796ee4f00314e8d8b1ad39a78c28) Importer(815301076,1909f56bfc062723c751e8b465ee728b)
Start importing Assets/SteamVR/Extras using Guid(61f4796ee4f00314e8d8b1ad39a78c28) Importer(815301076,1909f56bfc062723c751e8b465ee728b) (PreviewImporter) -> (artifact id: '56e6a2bb18584de422e5cab5fd93ed74') in 0.0003881 seconds
Number of updated asset objects reloaded before import = 0Number of asset objects unloaded after import = 0

========================================================================
Received Import Request.
  Time since last request: 14.271600 seconds.
  path: Assets/Scenes/HintCanvas.prefab
  artifactKey: Guid(dc5f85fa3b9036847b338182c6aaecbf) Importer(815301076,1909f56bfc062723c751e8b465ee728b)
Start importing Assets/Scenes/HintCanvas.prefab using Guid(dc5f85fa3b9036847b338182c6aaecbf) Importer(815301076,1909f56bfc062723c751e8b465ee728b) (PreviewImporter) -> (artifact id: '075488c780301bc2ce71dd73dba682e6') in 0.139223 seconds
Number of updated asset objects reloaded before import = 0Number of asset objects unloaded after import = 75

========================================================================
Received Import Request.
  Time since last request: 20.837073 seconds.
  path: Assets/SteamVR/InteractionSystem/Poses/fallback_fist.asset
  artifactKey: Guid(45a635d0e1a43f14da0eb032aeb8dbcd) Importer(815301076,1909f56bfc062723c751e8b465ee728b)
Start importing Assets/SteamVR/InteractionSystem/Poses/fallback_fist.asset using Guid(45a635d0e1a43f14da0eb032aeb8dbcd) Importer(815301076,1909f56bfc062723c751e8b465ee728b) (PreviewImporter) -> (artifact id: 'a1f68b55ff20708298080e91689acdbb') in 0.0009676 seconds
Number of updated asset objects reloaded before import = 0Number of asset objects unloaded after import = 1

========================================================================
Received Import Request.
  Time since last request: 0.000093 seconds.
  path: Assets/SteamVR/InteractionSystem/Poses/GrenadePose.asset
  artifactKey: Guid(bd65db1a4d6b7894a8fccb2ebfda0fe2) Importer(815301076,1909f56bfc062723c751e8b465ee728b)
Start importing Assets/SteamVR/InteractionSystem/Poses/GrenadePose.asset using Guid(bd65db1a4d6b7894a8fccb2ebfda0fe2) Importer(815301076,1909f56bfc062723c751e8b465ee728b) (PreviewImporter) -> (artifact id: 'a65ac78e72e52e4dd53b9f38e30c82b9') in 0.0004657 seconds
Number of updated asset objects reloaded before import = 0Number of asset objects unloaded after import = 1

========================================================================
Received Import Request.
  Time since last request: 0.000050 seconds.
  path: Assets/SteamVR/InteractionSystem/Poses/HappyBallPose.asset
  artifactKey: Guid(5faebc5465b41b641bf7285f25ce9ab9) Importer(815301076,1909f56bfc062723c751e8b465ee728b)
Start importing Assets/SteamVR/InteractionSystem/Poses/HappyBallPose.asset using Guid(5faebc5465b41b641bf7285f25ce9ab9) Importer(815301076,1909f56bfc062723c751e8b465ee728b) (PreviewImporter) -> (artifact id: '3f8c0369c3f3e7c44366fcbebbbec04f') in 0.0004401 seconds
Number of updated asset objects reloaded before import = 0Number of asset objects unloaded after import = 1

========================================================================
Received Import Request.
  Time since last request: 0.000012 seconds.
  path: Assets/SteamVR/InteractionSystem/Poses/fallback_relaxed.asset
  artifactKey: Guid(213b7d69786635c498d1287c5505990e) Importer(815301076,1909f56bfc062723c751e8b465ee728b)
Start importing Assets/SteamVR/InteractionSystem/Poses/fallback_relaxed.asset using Guid(213b7d69786635c498d1287c5505990e) Importer(815301076,1909f56bfc062723c751e8b465ee728b) (PreviewImporter) -> (artifact id: '32a7275a6a3e5c6744144ccf233ed129') in 0.0004538 seconds
Number of updated asset objects reloaded before import = 0Number of asset objects unloaded after import = 1

========================================================================
Received Import Request.
  Time since last request: 0.000029 seconds.
  path: Assets/SteamVR/InteractionSystem/Poses/longbowArrowPose.asset
  artifactKey: Guid(12d7f50e857b2f44a87430b50a8a0c25) Importer(815301076,1909f56bfc062723c751e8b465ee728b)
Start importing Assets/SteamVR/InteractionSystem/Poses/longbowArrowPose.asset using Guid(12d7f50e857b2f44a87430b50a8a0c25) Importer(815301076,1909f56bfc062723c751e8b465ee728b) (PreviewImporter) -> (artifact id: '91e261c9efa3c9912a19d9a8506b30da') in 0.0004326 seconds
Number of updated asset objects reloaded before import = 0Number of asset objects unloaded after import = 1

========================================================================
Received Import Request.
  Time since last request: 0.000551 seconds.
  path: Assets/SteamVR/InteractionSystem/Poses/spherePose.asset
  artifactKey: Guid(4c3a83da33c30f44b82278a7f4ae8bd2) Importer(815301076,1909f56bfc062723c751e8b465ee728b)
Start importing Assets/SteamVR/InteractionSystem/Poses/spherePose.asset using Guid(4c3a83da33c30f44b82278a7f4ae8bd2) Importer(815301076,1909f56bfc062723c751e8b465ee728b) (PreviewImporter) -> (artifact id: '2d520ee57baec91e9a8df17cbed13e79') in 0.0004325 seconds
Number of updated asset objects reloaded before import = 0Number of asset objects unloaded after import = 1

========================================================================
Received Import Request.
  Time since last request: 0.000766 seconds.
  path: Assets/SteamVR/InteractionSystem/Poses/SquishyBase.asset
  artifactKey: Guid(c8576ff2e3da53743b7694fbfe3ad743) Importer(815301076,1909f56bfc062723c751e8b465ee728b)
Start importing Assets/SteamVR/InteractionSystem/Poses/SquishyBase.asset using Guid(c8576ff2e3da53743b7694fbfe3ad743) Importer(815301076,1909f56bfc062723c751e8b465ee728b) (PreviewImporter) -> (artifact id: 'd12c62412b57165a0b16e4939e65ff1e') in 0.0005463 seconds
Number of updated asset objects reloaded before import = 0Number of asset objects unloaded after import = 1

========================================================================
Received Import Request.
  Time since last request: 5.885269 seconds.
  path: Assets/SteamVR/Textures/arrow.png
  artifactKey: Guid(2db89a771043d7b4eb9d26622f6b97c7) Importer(815301076,1909f56bfc062723c751e8b465ee728b)
Start importing Assets/SteamVR/Textures/arrow.png using Guid(2db89a771043d7b4eb9d26622f6b97c7) Importer(815301076,1909f56bfc062723c751e8b465ee728b) (PreviewImporter) -> (artifact id: '58204912770d44eff0825f6ff2703e1c') in 0.0131732 seconds
Number of updated asset objects reloaded before import = 0Number of asset objects unloaded after import = 2

========================================================================
Received Import Request.
  Time since last request: 0.000012 seconds.
  path: Assets/SteamVR/Textures/logo.png
  artifactKey: Guid(09db43b3b77bf744287ba587fea02f8b) Importer(815301076,1909f56bfc062723c751e8b465ee728b)
Start importing Assets/SteamVR/Textures/logo.png using Guid(09db43b3b77bf744287ba587fea02f8b) Importer(815301076,1909f56bfc062723c751e8b465ee728b) (PreviewImporter) -> (artifact id: '216cbd43970b6ef151a5b08c4ab55f96') in 0.0110881 seconds
Number of updated asset objects reloaded before import = 0Number of asset objects unloaded after import = 2

========================================================================
Received Import Request.
  Time since last request: 21.001613 seconds.
  path: Assets/TutorialInfo/Icons
  artifactKey: Guid(8a0c9218a650547d98138cd835033977) Importer(815301076,1909f56bfc062723c751e8b465ee728b)
Start importing Assets/TutorialInfo/Icons using Guid(8a0c9218a650547d98138cd835033977) Importer(815301076,1909f56bfc062723c751e8b465ee728b) (PreviewImporter) -> (artifact id: '1227d413ac442800839fd487a48b0b65') in 0.0008764 seconds
Number of updated asset objects reloaded before import = 0Number of asset objects unloaded after import = 0

========================================================================
Received Import Request.
  Time since last request: 0.075547 seconds.
  path: Assets/TutorialInfo/Icons/URP.png
  artifactKey: Guid(727a75301c3d24613a3ebcec4a24c2c8) Importer(815301076,1909f56bfc062723c751e8b465ee728b)
Start importing Assets/TutorialInfo/Icons/URP.png using Guid(727a75301c3d24613a3ebcec4a24c2c8) Importer(815301076,1909f56bfc062723c751e8b465ee728b) (PreviewImporter) -> (artifact id: '3562f2f141a62bc86200bf80aa5dc8ee') in 0.0055813 seconds
Number of updated asset objects reloaded before import = 0Number of asset objects unloaded after import = 2

========================================================================
Received Import Request.
  Time since last request: 1.953532 seconds.
  path: Assets/XR/XRGeneralSettingsPerBuildTarget.asset
  artifactKey: Guid(6487cf7324dc04940acd6821f195b0c6) Importer(815301076,1909f56bfc062723c751e8b465ee728b)
Start importing Assets/XR/XRGeneralSettingsPerBuildTarget.asset using Guid(6487cf7324dc04940acd6821f195b0c6) Importer(815301076,1909f56bfc062723c751e8b465ee728b) (PreviewImporter) -> (artifact id: '4f63ecba18608aa1cf96a55783484a16') in 0.0055577 seconds
Number of updated asset objects reloaded before import = 0Number of asset objects unloaded after import = 4

========================================================================
Received Import Request.
  Time since last request: 3.208780 seconds.
  path: Assets/StreamingAssets/SteamVR
  artifactKey: Guid(8c637f8e020e4ef4abcbbf93461f1fa5) Importer(815301076,1909f56bfc062723c751e8b465ee728b)
Start importing Assets/StreamingAssets/SteamVR using Guid(8c637f8e020e4ef4abcbbf93461f1fa5) Importer(815301076,1909f56bfc062723c751e8b465ee728b) (PreviewImporter) -> (artifact id: '7b2ca10505339cf9f536e56d04e04ae7') in 0.0008148 seconds
Number of updated asset objects reloaded before import = 0Number of asset objects unloaded after import = 0

========================================================================
Received Import Request.
  Time since last request: 47.390346 seconds.
  path: Assets/SteamVR/Resources/ReferencePose_BindPose.asset
  artifactKey: Guid(9303872ccc6946c4185bc4b432372ba0) Importer(815301076,1909f56bfc062723c751e8b465ee728b)
Start importing Assets/SteamVR/Resources/ReferencePose_BindPose.asset using Guid(9303872ccc6946c4185bc4b432372ba0) Importer(815301076,1909f56bfc062723c751e8b465ee728b) (PreviewImporter) -> (artifact id: '94e2e98070f415040aa76484ed7eb83c') in 0.0007787 seconds
Number of updated asset objects reloaded before import = 0Number of asset objects unloaded after import = 1

========================================================================
Received Import Request.
  Time since last request: 0.000008 seconds.
  path: Assets/SteamVR/Resources/ReferencePose_OpenHand.asset
  artifactKey: Guid(d93b955753287b048b63d232fa679470) Importer(815301076,1909f56bfc062723c751e8b465ee728b)
Start importing Assets/SteamVR/Resources/ReferencePose_OpenHand.asset using Guid(d93b955753287b048b63d232fa679470) Importer(815301076,1909f56bfc062723c751e8b465ee728b) (PreviewImporter) -> (artifact id: '415dec175b44541754e87572e6174ab1') in 0.0005985 seconds
Number of updated asset objects reloaded before import = 0Number of asset objects unloaded after import = 1

========================================================================
Received Import Request.
  Time since last request: 0.000006 seconds.
  path: Assets/SteamVR/Resources/SteamVR_ExternalCamera.prefab
  artifactKey: Guid(6b259143c09ffc447ad059e5b8d8cf89) Importer(815301076,1909f56bfc062723c751e8b465ee728b)
Start importing Assets/SteamVR/Resources/SteamVR_ExternalCamera.prefab using Guid(6b259143c09ffc447ad059e5b8d8cf89) Importer(815301076,1909f56bfc062723c751e8b465ee728b) (PreviewImporter) -> (artifact id: '45ee7197dd282635ff1e53ba1128f595') in 0.0011535 seconds
Number of updated asset objects reloaded before import = 0Number of asset objects unloaded after import = 7

========================================================================
Received Import Request.
  Time since last request: 24.328153 seconds.
  path: Assets/SteamVR/OpenVRUnityXRPackage/Editor
  artifactKey: Guid(ffd65d6a9f4d5994e8fa33d7d36c5828) Importer(815301076,1909f56bfc062723c751e8b465ee728b)
Start importing Assets/SteamVR/OpenVRUnityXRPackage/Editor using Guid(ffd65d6a9f4d5994e8fa33d7d36c5828) Importer(815301076,1909f56bfc062723c751e8b465ee728b) (PreviewImporter) -> (artifact id: 'c6a11392e8f0f34f2073ab28255e40c6') in 0.0003896 seconds
Number of updated asset objects reloaded before import = 0Number of asset objects unloaded after import = 0

========================================================================
Received Import Request.
  Time since last request: 8.341352 seconds.
  path: Assets/SteamVR/WindowsHelper
  artifactKey: Guid(6af8d944026470c48ac90a7c192872bd) Importer(815301076,1909f56bfc062723c751e8b465ee728b)
Start importing Assets/SteamVR/WindowsHelper using Guid(6af8d944026470c48ac90a7c192872bd) Importer(815301076,1909f56bfc062723c751e8b465ee728b) (PreviewImporter) -> (artifact id: '3188205fbd699b4fcb9b678cbba7e5aa') in 0.0004578 seconds
Number of updated asset objects reloaded before import = 0Number of asset objects unloaded after import = 0

========================================================================
Received Import Request.
  Time since last request: 37.274968 seconds.
  path: Assets/SteamVR/Plugins
  artifactKey: Guid(dfc0179b6675d054d8460e515ec19c93) Importer(815301076,1909f56bfc062723c751e8b465ee728b)
Start importing Assets/SteamVR/Plugins using Guid(dfc0179b6675d054d8460e515ec19c93) Importer(815301076,1909f56bfc062723c751e8b465ee728b) (PreviewImporter) -> (artifact id: '236614eb0519a62ac54735414520e44d') in 0.0004465 seconds
Number of updated asset objects reloaded before import = 0Number of asset objects unloaded after import = 0

========================================================================
Received Import Request.
  Time since last request: 92.632805 seconds.
  path: Assets/SteamVR/Models
  artifactKey: Guid(19ab935e9cd6f4f4d8cf203de711c870) Importer(815301076,1909f56bfc062723c751e8b465ee728b)
Start importing Assets/SteamVR/Models using Guid(19ab935e9cd6f4f4d8cf203de711c870) Importer(815301076,1909f56bfc062723c751e8b465ee728b) (PreviewImporter) -> (artifact id: '7d364b5c7cce5d9865521fb4d99f5c1d') in 0.0009247 seconds
Number of updated asset objects reloaded before import = 0Number of asset objects unloaded after import = 0

========================================================================
Received Import Request.
  Time since last request: 548.015363 seconds.
  path: Assets/SteamVR/Models/handFingers.mask
  artifactKey: Guid(822c72f828488434a89ef1d2b9372069) Importer(815301076,1909f56bfc062723c751e8b465ee728b)
Start importing Assets/SteamVR/Models/handFingers.mask using Guid(822c72f828488434a89ef1d2b9372069) Importer(815301076,1909f56bfc062723c751e8b465ee728b) (PreviewImporter) -> (artifact id: 'a4687b23e2e7cb3376bcc0bbb4fb934f') in 0.000804 seconds
Number of updated asset objects reloaded before import = 0Number of asset objects unloaded after import = 1

========================================================================
Received Import Request.
  Time since last request: 24.110715 seconds.
  path: Assets/SteamVR_Input
  artifactKey: Guid(2b5ba3f8efda15e4c84f4ab50fcb8613) Importer(815301076,1909f56bfc062723c751e8b465ee728b)
Start importing Assets/SteamVR_Input using Guid(2b5ba3f8efda15e4c84f4ab50fcb8613) Importer(815301076,1909f56bfc062723c751e8b465ee728b) (PreviewImporter) -> (artifact id: '26509458f10fcfdad456e7c867b65c27') in 0.0003994 seconds
Number of updated asset objects reloaded before import = 0Number of asset objects unloaded after import = 0

========================================================================
Received Import Request.
  Time since last request: 4.384869 seconds.
  path: Assets/SteamVR_Input/ActionSetClasses
  artifactKey: Guid(372b77cdd26711147ae70411d4b811e3) Importer(815301076,1909f56bfc062723c751e8b465ee728b)
Start importing Assets/SteamVR_Input/ActionSetClasses using Guid(372b77cdd26711147ae70411d4b811e3) Importer(815301076,1909f56bfc062723c751e8b465ee728b) (PreviewImporter) -> (artifact id: '20b753db9c0ec9bada2d6a5b2012e672') in 0.0010177 seconds
Number of updated asset objects reloaded before import = 0Number of asset objects unloaded after import = 0

========================================================================
Received Import Request.
  Time since last request: 5.192170 seconds.
  path: Assets/SteamVR_Resources
  artifactKey: Guid(c22c1c4d02dad5f45a5ced855e1a5449) Importer(815301076,1909f56bfc062723c751e8b465ee728b)
Start importing Assets/SteamVR_Resources using Guid(c22c1c4d02dad5f45a5ced855e1a5449) Importer(815301076,1909f56bfc062723c751e8b465ee728b) (PreviewImporter) -> (artifact id: 'd688e155e241cf056a2305cffcc3e85d') in 0.0003596 seconds
Number of updated asset objects reloaded before import = 0Number of asset objects unloaded after import = 0

========================================================================
Received Import Request.
  Time since last request: 122.346702 seconds.
  path: Packages/com.unity.ide.rider/package.json
  artifactKey: Guid(66c95bb3c74257f41bae2622511dc02d) Importer(815301076,1909f56bfc062723c751e8b465ee728b)
Start importing Packages/com.unity.ide.rider/package.json using Guid(66c95bb3c74257f41bae2622511dc02d) Importer(815301076,1909f56bfc062723c751e8b465ee728b) (PreviewImporter) -> (artifact id: '64ae84926a997a597046ce154809a8b2') in 0.0010928 seconds
Number of updated asset objects reloaded before import = 0Number of asset objects unloaded after import = 1

========================================================================
Received Import Request.
  Time since last request: 17.081566 seconds.
  path: Assets/SteamVR/InteractionSystem/Samples/Interactions_Example.unity
  artifactKey: Guid(e3b77830391f10343929883b18f4d5ae) Importer(815301076,1909f56bfc062723c751e8b465ee728b)
Start importing Assets/SteamVR/InteractionSystem/Samples/Interactions_Example.unity using Guid(e3b77830391f10343929883b18f4d5ae) Importer(815301076,1909f56bfc062723c751e8b465ee728b) (PreviewImporter) -> (artifact id: '2d07039fe529c3508a417bed517a1894') in 0.0009091 seconds
Number of updated asset objects reloaded before import = 0Number of asset objects unloaded after import = 0

========================================================================
Received Prepare
Begin MonoManager ReloadAssembly
- Loaded All Assemblies, in  0.291 seconds
Refreshing native plugins compatible for Editor in 0.83 ms, found 4 plugins.
Native extension for Android target not found
Native extension for WindowsStandalone target not found
Native extension for WebGL target not found
[Package Manager] Failed to launch server process. Reason: Unity was launched with the -noUpm command-line argument
[Package Manager] Unable to send message (not connected to server process).
[Package Manager] Cannot connect to Unity Package Manager local server
[Package Manager] Failed to launch server process. Reason: Unity was launched with the -noUpm command-line argument
[Package Manager] Unable to send message (not connected to server process).
[Package Manager] Cannot connect to Unity Package Manager local server
Mono: successfully reloaded assembly
[Package Manager] Failed to launch server process. Reason: Unity was launched with the -noUpm command-line argument
[Package Manager] Unable to send message (not connected to server process).
[Package Manager] Cannot connect to Unity Package Manager local server
- Finished resetting the current domain, in  0.241 seconds
Domain Reload Profiling: 531ms
	BeginReloadAssembly (113ms)
		ExecutionOrderSort (0ms)
		DisableScriptedObjects (3ms)
		BackupInstance (0ms)
		ReleaseScriptingObjects (0ms)
		CreateAndSetChildDomain (27ms)
	RebuildCommonClasses (22ms)
	RebuildNativeTypeToScriptingClass (8ms)
	initialDomainReloadingComplete (15ms)
	LoadAllAssembliesAndSetupDomain (133ms)
		LoadAssemblies (139ms)
		RebuildTransferFunctionScriptingTraits (0ms)
		AnalyzeDomain (46ms)
			TypeCache.Refresh (3ms)
				TypeCache.ScanAssembly (0ms)
			BuildScriptInfoCaches (38ms)
			ResolveRequiredComponents (3ms)
	FinalizeReload (241ms)
		ReleaseScriptCaches (0ms)
		RebuildScriptCaches (0ms)
		SetupLoadedEditorAssemblies (171ms)
			LogAssemblyErrors (0ms)
			InitializePlatformSupportModulesInManaged (13ms)
			SetLoadedEditorAssemblies (2ms)
			BeforeProcessingInitializeOnLoad (55ms)
			ProcessInitializeOnLoadAttributes (83ms)
			ProcessInitializeOnLoadMethodAttributes (15ms)
			AfterProcessingInitializeOnLoad (3ms)
			EditorAssembliesLoaded (0ms)
		ExecutionOrderSort2 (0ms)
		AwakeInstancesAfterBackupRestoration (3ms)
Refreshing native plugins compatible for Editor in 0.92 ms, found 4 plugins.
Preloading 0 native plugins for Editor in 0.00 ms.
Unloading 0 Unused Serialized files (Serialized files now loaded: 0)
Unloading 3293 unused Assets / (0.7 MB). Loaded Objects now: 3875.
Memory consumption went from 87.2 MB to 86.5 MB.
Total: 4.189300 ms (FindLiveObjects: 0.535900 ms CreateObjectMapping: 0.165400 ms MarkObjects: 3.013400 ms  DeleteObjects: 0.473800 ms)

Prepare: number of updated asset objects reloaded= 0
========================================================================
Received Prepare
Begin MonoManager ReloadAssembly
- Loaded All Assemblies, in  0.297 seconds
Refreshing native plugins compatible for Editor in 0.86 ms, found 4 plugins.
Native extension for Android target not found
Native extension for WindowsStandalone target not found
Native extension for WebGL target not found
[Package Manager] Failed to launch server process. Reason: Unity was launched with the -noUpm command-line argument
[Package Manager] Unable to send message (not connected to server process).
[Package Manager] Cannot connect to Unity Package Manager local server
[Package Manager] Failed to launch server process. Reason: Unity was launched with the -noUpm command-line argument
[Package Manager] Unable to send message (not connected to server process).
[Package Manager] Cannot connect to Unity Package Manager local server
Mono: successfully reloaded assembly
[Package Manager] Failed to launch server process. Reason: Unity was launched with the -noUpm command-line argument
[Package Manager] Unable to send message (not connected to server process).
[Package Manager] Cannot connect to Unity Package Manager local server
- Finished resetting the current domain, in  0.237 seconds
Domain Reload Profiling: 534ms
	BeginReloadAssembly (111ms)
		ExecutionOrderSort (0ms)
		DisableScriptedObjects (3ms)
		BackupInstance (0ms)
		ReleaseScriptingObjects (0ms)
		CreateAndSetChildDomain (25ms)
	RebuildCommonClasses (25ms)
	RebuildNativeTypeToScriptingClass (13ms)
	initialDomainReloadingComplete (16ms)
	LoadAllAssembliesAndSetupDomain (133ms)
		LoadAssemblies (138ms)
		RebuildTransferFunctionScriptingTraits (0ms)
		AnalyzeDomain (47ms)
			TypeCache.Refresh (3ms)
				TypeCache.ScanAssembly (0ms)
			BuildScriptInfoCaches (38ms)
			ResolveRequiredComponents (4ms)
	FinalizeReload (238ms)
		ReleaseScriptCaches (0ms)
		RebuildScriptCaches (0ms)
		SetupLoadedEditorAssemblies (172ms)
			LogAssemblyErrors (0ms)
			InitializePlatformSupportModulesInManaged (13ms)
			SetLoadedEditorAssemblies (2ms)
			BeforeProcessingInitializeOnLoad (55ms)
			ProcessInitializeOnLoadAttributes (83ms)
			ProcessInitializeOnLoadMethodAttributes (15ms)
			AfterProcessingInitializeOnLoad (3ms)
			EditorAssembliesLoaded (0ms)
		ExecutionOrderSort2 (0ms)
		AwakeInstancesAfterBackupRestoration (4ms)
Refreshing native plugins compatible for Editor in 0.89 ms, found 4 plugins.
Preloading 0 native plugins for Editor in 0.00 ms.
Unloading 0 Unused Serialized files (Serialized files now loaded: 0)
Unloading 3292 unused Assets / (0.7 MB). Loaded Objects now: 3876.
Memory consumption went from 87.9 MB to 87.2 MB.
Total: 3.647900 ms (FindLiveObjects: 0.294600 ms CreateObjectMapping: 0.183500 ms MarkObjects: 2.566600 ms  DeleteObjects: 0.602600 ms)

Prepare: number of updated asset objects reloaded= 0
